<?xml version="1.0" encoding="UTF-8" ?>
<testsuites>
    <testsuite name="src/components/sidebar/MediaSidebar/MediaSidebarExif.test.tsx" timestamp="2025-10-28T16:42:27.894Z" hostname="f99f81d4b0e8" tests="35" failures="0" errors="0" skipped="0" time="0.2160000000">
        <testcase classname="src/components/sidebar/MediaSidebar/MediaSidebarExif.test.tsx" name="ExifDetails &gt; without EXIF information" time="0.0240000000">
        </testcase>
        <testcase classname="src/components/sidebar/MediaSidebar/MediaSidebarExif.test.tsx" name="ExifDetails &gt; with EXIF information" time="0.0420000000">
        </testcase>
        <testcase classname="src/components/sidebar/MediaSidebar/MediaSidebarExif.test.tsx" name="ExifDetails dateShot formatting &gt; RFC3339 with timezone offset &gt; formats RFC3339 with positive timezone offset" time="0.0040000000">
        </testcase>
        <testcase classname="src/components/sidebar/MediaSidebar/MediaSidebarExif.test.tsx" name="ExifDetails dateShot formatting &gt; RFC3339 with timezone offset &gt; formats RFC3339 with negative timezone offset" time="0.0020000000">
        </testcase>
        <testcase classname="src/components/sidebar/MediaSidebar/MediaSidebarExif.test.tsx" name="ExifDetails dateShot formatting &gt; RFC3339 with timezone offset &gt; formats RFC3339 with fractional timezone offset" time="0.0040000000">
        </testcase>
        <testcase classname="src/components/sidebar/MediaSidebar/MediaSidebarExif.test.tsx" name="ExifDetails dateShot formatting &gt; RFC3339 with timezone offset &gt; formats RFC3339 UTC with Z suffix" time="0.0040000000">
        </testcase>
        <testcase classname="src/components/sidebar/MediaSidebar/MediaSidebarExif.test.tsx" name="ExifDetails dateShot formatting &gt; RFC3339 with timezone offset &gt; formats RFC3339 with +0000 format" time="0.0020000000">
        </testcase>
        <testcase classname="src/components/sidebar/MediaSidebar/MediaSidebarExif.test.tsx" name="ExifDetails dateShot formatting &gt; RFC3339 without timezone - no offset should be shown &gt; formats RFC3339 without timezone shows only date and time" time="0.0030000000">
        </testcase>
        <testcase classname="src/components/sidebar/MediaSidebar/MediaSidebarExif.test.tsx" name="ExifDetails dateShot formatting &gt; RFC3339 without timezone - no offset should be shown &gt; formats RFC3339 with milliseconds but no timezone" time="0.0030000000">
        </testcase>
        <testcase classname="src/components/sidebar/MediaSidebar/MediaSidebarExif.test.tsx" name="ExifDetails dateShot formatting &gt; RFC3339 without timezone - no offset should be shown &gt; handles trimming of whitespace in dateShot" time="0.0020000000">
        </testcase>
        <testcase classname="src/components/sidebar/MediaSidebar/MediaSidebarExif.test.tsx" name="ExifDetails dateShot formatting &gt; Translation language-based formatting &gt; uses English (en) translation language" time="0.0050000000">
        </testcase>
        <testcase classname="src/components/sidebar/MediaSidebar/MediaSidebarExif.test.tsx" name="ExifDetails dateShot formatting &gt; Translation language-based formatting &gt; uses German (de) translation language" time="0.0040000000">
        </testcase>
        <testcase classname="src/components/sidebar/MediaSidebar/MediaSidebarExif.test.tsx" name="ExifDetails dateShot formatting &gt; Translation language-based formatting &gt; uses French (fr) translation language" time="0.0040000000">
        </testcase>
        <testcase classname="src/components/sidebar/MediaSidebar/MediaSidebarExif.test.tsx" name="ExifDetails dateShot formatting &gt; Translation language-based formatting &gt; uses Spanish (es) translation language" time="0.0030000000">
        </testcase>
        <testcase classname="src/components/sidebar/MediaSidebar/MediaSidebarExif.test.tsx" name="ExifDetails dateShot formatting &gt; Translation language-based formatting &gt; uses Danish (da) translation language" time="0.0030000000">
        </testcase>
        <testcase classname="src/components/sidebar/MediaSidebar/MediaSidebarExif.test.tsx" name="ExifDetails dateShot formatting &gt; Translation language-based formatting &gt; uses Italian (it) translation language" time="0.0030000000">
        </testcase>
        <testcase classname="src/components/sidebar/MediaSidebar/MediaSidebarExif.test.tsx" name="ExifDetails dateShot formatting &gt; Translation language-based formatting &gt; uses Portuguese (pt) translation language" time="0.0030000000">
        </testcase>
        <testcase classname="src/components/sidebar/MediaSidebar/MediaSidebarExif.test.tsx" name="ExifDetails dateShot formatting &gt; Translation language-based formatting &gt; uses Polish (pl) translation language" time="0.0030000000">
        </testcase>
        <testcase classname="src/components/sidebar/MediaSidebar/MediaSidebarExif.test.tsx" name="ExifDetails dateShot formatting &gt; Translation language-based formatting &gt; uses Ukrainian (uk) translation language" time="0.0020000000">
        </testcase>
        <testcase classname="src/components/sidebar/MediaSidebar/MediaSidebarExif.test.tsx" name="ExifDetails dateShot formatting &gt; Translation language-based formatting &gt; uses Swedish (sv) translation language" time="0.0030000000">
        </testcase>
        <testcase classname="src/components/sidebar/MediaSidebar/MediaSidebarExif.test.tsx" name="ExifDetails dateShot formatting &gt; Translation language-based formatting &gt; uses Japanese (ja) translation language" time="0.0030000000">
        </testcase>
        <testcase classname="src/components/sidebar/MediaSidebar/MediaSidebarExif.test.tsx" name="ExifDetails dateShot formatting &gt; Translation language-based formatting &gt; uses Basque (eu) translation language" time="0.0020000000">
        </testcase>
        <testcase classname="src/components/sidebar/MediaSidebar/MediaSidebarExif.test.tsx" name="ExifDetails dateShot formatting &gt; Translation language-based formatting &gt; handles invalid translation language gracefully" time="0.0030000000">
        </testcase>
        <testcase classname="src/components/sidebar/MediaSidebar/MediaSidebarExif.test.tsx" name="ExifDetails dateShot formatting &gt; Translation language-based formatting &gt; handles empty string translation language" time="0.0030000000">
        </testcase>
        <testcase classname="src/components/sidebar/MediaSidebar/MediaSidebarExif.test.tsx" name="ExifDetails dateShot formatting &gt; Translation language-based formatting &gt; uses Russian (ru) translation language" time="0.0030000000">
        </testcase>
        <testcase classname="src/components/sidebar/MediaSidebar/MediaSidebarExif.test.tsx" name="ExifDetails dateShot formatting &gt; Translation language-based formatting &gt; uses Traditional Chinese Hong Kong (zh-HK) translation language" time="0.0030000000">
        </testcase>
        <testcase classname="src/components/sidebar/MediaSidebar/MediaSidebarExif.test.tsx" name="ExifDetails dateShot formatting &gt; Translation language-based formatting &gt; uses Traditional Chinese Taiwan (zh-TW) translation language" time="0.0020000000">
        </testcase>
        <testcase classname="src/components/sidebar/MediaSidebar/MediaSidebarExif.test.tsx" name="ExifDetails dateShot formatting &gt; Translation language-based formatting &gt; uses Simplified Chinese (zh-CN) translation language" time="0.0030000000">
        </testcase>
        <testcase classname="src/components/sidebar/MediaSidebar/MediaSidebarExif.test.tsx" name="ExifDetails dateShot formatting &gt; Translation language-based formatting &gt; uses Turkish (tr) translation language" time="0.0020000000">
        </testcase>
        <testcase classname="src/components/sidebar/MediaSidebar/MediaSidebarExif.test.tsx" name="ExifDetails dateShot formatting &gt; Timezone detection edge cases &gt; detects various timezone formats correctly with regex" time="0.0190000000">
        </testcase>
        <testcase classname="src/components/sidebar/MediaSidebar/MediaSidebarExif.test.tsx" name="ExifDetails dateShot formatting &gt; Timezone detection edge cases &gt; handles edge case timezone offsets" time="0.0090000000">
        </testcase>
        <testcase classname="src/components/sidebar/MediaSidebar/MediaSidebarExif.test.tsx" name="ExifDetails dateShot formatting &gt; Error handling and robustness &gt; handles invalid dateShot gracefully" time="0.0040000000">
        </testcase>
        <testcase classname="src/components/sidebar/MediaSidebar/MediaSidebarExif.test.tsx" name="ExifDetails dateShot formatting &gt; Error handling and robustness &gt; handles malformed but parseable dates" time="0.0090000000">
        </testcase>
        <testcase classname="src/components/sidebar/MediaSidebar/MediaSidebarExif.test.tsx" name="ExifDetails dateShot formatting &gt; Format consistency validation &gt; always follows consistent format structure" time="0.0060000000">
        </testcase>
        <testcase classname="src/components/sidebar/MediaSidebar/MediaSidebarExif.test.tsx" name="ExifDetails dateShot formatting &gt; Photo with offsetSecShot &gt; show dateShot in the timezone of offsetSecShot" time="0.0200000000">
        </testcase>
    </testsuite>
    <testsuite name="src/components/sidebar/MediaSidebar/MediaSidebar.test.tsx" timestamp="2025-10-28T16:42:27.913Z" hostname="f99f81d4b0e8" tests="2" failures="0" errors="0" skipped="0" time="0.1400000000">
        <testcase classname="src/components/sidebar/MediaSidebar/MediaSidebar.test.tsx" name="MediaSidebar &gt; render sample image, unauthorized" time="0.1000000000">
            <system-out>
PATH reversed []

            </system-out>
        </testcase>
        <testcase classname="src/components/sidebar/MediaSidebar/MediaSidebar.test.tsx" name="MediaSidebar &gt; render sample image, authorized" time="0.0400000000">
            <system-out>
PATH reversed []
PATH reversed []
[36m&lt;body&gt;[39m
  [36m&lt;div&gt;[39m
    [36m&lt;div&gt;[39m
      [36m&lt;div[39m
        [33mclass[39m=[32m&quot;m-2 flex items-center&quot;[39m
      [36m&gt;[39m
        [36m&lt;button[39m
          [33mclass[39m=[32m&quot;&quot;[39m
          [33mtitle[39m=[32m&quot;Close sidebar&quot;[39m
        [36m&gt;[39m
          [36m&lt;svg[39m
            [33mclass[39m=[32m&quot;m-2 text-[#1F2021] dark:text-[#abadaf]&quot;[39m
            [33mheight[39m=[32m&quot;12px&quot;[39m
            [33mviewBox[39m=[32m&quot;0 0 12 12&quot;[39m
            [33mwidth[39m=[32m&quot;12px&quot;[39m
            [33mxmlns[39m=[32m&quot;http://www.w3.org/2000/svg&quot;[39m
            [33mxmlns:xlink[39m=[32m&quot;http://www.w3.org/1999/xlink&quot;[39m
          [36m&gt;[39m
            [36m&lt;path[39m
              [33md[39m=[32m&quot;M1,11 L11,1 M11,11 L1,1&quot;[39m
              [33mfill[39m=[32m&quot;none&quot;[39m
              [33mstroke[39m=[32m&quot;currentColor&quot;[39m
              [33mstroke-width[39m=[32m&quot;2&quot;[39m
            [36m/&gt;[39m
          [36m&lt;/svg&gt;[39m
        [36m&lt;/button&gt;[39m
        [36m&lt;span[39m
          [33mclass[39m=[32m&quot;flex-grow -mt-1 ml-2&quot;[39m
        [36m&gt;[39m
          [0m122A6069.jpg[0m
        [36m&lt;/span&gt;[39m
        [36m&lt;button[39m
          [33mclass[39m=[32m&quot;hidden lg:block&quot;[39m
          [33mtitle[39m=[32m&quot;Pin sidebar&quot;[39m
        [36m&gt;[39m
          [36m&lt;svg[39m
            [33mclass[39m=[32m&quot;m-2 text-[#1F2021] dark:text-[#abadaf]&quot;[39m
            [33mheight[39m=[32m&quot;17px&quot;[39m
            [33mviewBox[39m=[32m&quot;0 0 16 17&quot;[39m
            [33mwidth[39m=[32m&quot;16px&quot;[39m
            [33mxmlns[39m=[32m&quot;http://www.w3.org/2000/svg&quot;[39m
            [33mxmlns:xlink[39m=[32m&quot;http://www.w3.org/1999/xlink&quot;[39m
          [36m&gt;[39m
            [36m&lt;g[39m
              [33mfill[39m=[32m&quot;none&quot;[39m
              [33mfill-rule[39m=[32m&quot;evenodd&quot;[39m
              [33mstroke[39m=[32m&quot;none&quot;[39m
              [33mstroke-width[39m=[32m&quot;1&quot;[39m
            [36m&gt;[39m
              [36m&lt;g[39m
                [33mstroke[39m=[32m&quot;currentColor&quot;[39m
                [33mtransform[39m=[32m&quot;translate(8, 8.5) rotate(-330) translate(-8, -8.5) translate(4, 2)&quot;[39m
              [36m&gt;[39m
                [36m&lt;path[39m
                  [33md[39m=[32m&quot;M6.76850191,0.434840963 C6.04896114,1.86467297 5.79279384,3.20120746 6,4.44444444 C6.17989677,5.52382504 6.63266329,6.48919052 7.35829958,7.34054088 C7.50158762,7.50867286 7.48146228,7.76112984 7.31333862,7.90442763 C7.24096223,7.96611661 7.14897427,8 7.053875,8 L0.922873286,8 C0.701919553,8.00007212 0.522801161,7.82095373 0.522801161,7.59999999 C0.522801161,7.50599929 0.555900634,7.41500023 0.616293108,7.34296634 C1.36567981,6.44912577 1.82691544,5.48295181 2,4.44444444 C2.19754347,3.25918364 1.93688287,1.92116674 1.21801821,0.430393743 C1.14595115,0.281147735 1.2086138,0.10177184 1.35789863,0.0297852978 C1.39855358,0.0101811032 1.44310701,8.29112604e-18 1.4882418,0 L6.50055336,0 C6.666219,3.58349532e-05 6.80051754,0.134334371 6.80051754,0.300000012 C6.80051754,0.346829895 6.78955305,0.393009303 6.76850191,0.434840963 Z&quot;[39m
                  [33mstroke-linejoin[39m=[32m&quot;round&quot;[39m
                [36m/&gt;[39m
                [36m&lt;line[39m
                  [33mstroke-linecap[39m=[32m&quot;round&quot;[39m
                  [33mx1[39m=[32m&quot;4&quot;[39m
                  [33mx2[39m=[32m&quot;4&quot;[39m
                  [33my1[39m=[32m&quot;8&quot;[39m
                  [33my2[39m=[32m&quot;13&quot;[39m
                [36m/&gt;[39m
              [36m&lt;/g&gt;[39m
            [36m&lt;/g&gt;[39m
          [36m&lt;/svg&gt;[39m
        [36m&lt;/button&gt;[39m
      [36m&lt;/div&gt;[39m
      [36m&lt;div[39m
        [33mclass[39m=[32m&quot;lg:mx-4&quot;[39m
      [36m&gt;[39m
        [36m&lt;div[39m
          [33mclass[39m=[32m&quot;w-full h-0 relative&quot;[39m
          [33mstyle[39m=[32m&quot;padding-top: 75%;&quot;[39m
        [36m&gt;[39m
          [36m&lt;img[39m
            [33mclass[39m=[32m&quot;sc-BeQoi hCZmZz&quot;[39m
            [33mcrossorigin[39m=[32m&quot;use-credentials&quot;[39m
            [33mloading[39m=[32m&quot;eager&quot;[39m
            [33msrc[39m=[32m&quot;http://localhost:3000/photo/highres.jpg&quot;[39m
          [36m/&gt;[39m
          [36m&lt;div[39m
            [33mclass[39m=[32m&quot;sc-gsnTZi efsmfJ&quot;[39m
            [33mwidth[39m=[32m&quot;0.9153754469606674&quot;[39m
          [36m/&gt;[39m
        [36m&lt;/div&gt;[39m
      [36m&lt;/div&gt;[39m
      [36m&lt;div&gt;[39m
        [36m&lt;div[39m
          [33mclass[39m=[32m&quot;sc-iqcoie cofpgg&quot;[39m
        [36m/&gt;[39m
        [36m&lt;div[39m
          [33mclass[39m=[32m&quot;sc-iqcoie cofpgg&quot;[39m
        [36m/&gt;[39m
      [36m&lt;/div&gt;[39m
      [36m&lt;div[39m
        [33mclass[39m=[32m&quot;mx-4 my-4&quot;[39m
      [36m&gt;[39m
        [36m&lt;h2[39m
          [33mclass[39m=[32m&quot;uppercase text-xs text-gray-900 dark:text-gray-300 font-semibold&quot;[39m
        [36m&gt;[39m
          [0mAlbum path[0m
        [36m&lt;/h2&gt;[39m
        [36m&lt;ol[39m
          [33mclass[39m=[32m&quot;sc-cOFTSb dbHFPK&quot;[39m
        [36m&gt;[39m
          [36m&lt;li[39m
            [33mclass[39m=[32m&quot;inline-block hover:underline&quot;[39m
          [36m&gt;[39m
            [36m&lt;a[39m
              [33mclass[39m=[32m&quot;text-blue-900 dark:text-blue-200 hover:underline&quot;[39m
              [33mhref[39m=[32m&quot;/album/2294&quot;[39m
            [36m&gt;[39m
              [0malbum_name[0m
            [36m&lt;/a&gt;[39m
          [36m&lt;/li&gt;[39m
        [36m&lt;/ol&gt;[39m
      [36m&lt;/div&gt;[39m
      [36m&lt;div[39m
        [33mclass[39m=[32m&quot;sc-dkzDqf mb-8&quot;[39m
      [36m&gt;[39m
        [36m&lt;h2[39m
          [33mclass[39m=[32m&quot;sc-hKMtZM text-xl mb-2 mx-4&quot;[39m
        [36m&gt;[39m
          [0mDownload[0m
        [36m&lt;/h2&gt;[39m
        [36m&lt;table[39m
          [33mclass[39m=[32m&quot;sc-ftvSup table-fixed w-full&quot;[39m
        [36m&gt;[39m
          [36m&lt;thead[39m
            [33mclass[39m=[32m&quot;sc-papXJ bg-[#f9f9fb] dark:bg-[#2B3037]&quot;[39m
          [36m&gt;[39m
            [36m&lt;tr[39m
              [33mclass[39m=[32m&quot;sc-jqUVSM text-left uppercase text-xs border-gray-100 dark:border-dark-border2 border-b border-t&quot;[39m
            [36m&gt;[39m
              [36m&lt;th[39m
                [33mclass[39m=[32m&quot;w-2/6 pl-4 py-2&quot;[39m
              [36m&gt;[39m
                [0mName[0m
              [36m&lt;/th&gt;[39m
              [36m&lt;th[39m
                [33mclass[39m=[32m&quot;w-2/6 py-2&quot;[39m
              [36m&gt;[39m
                [0mDimensions[0m
              [36m&lt;/th&gt;[39m
              [36m&lt;th[39m
                [33mclass[39m=[32m&quot;w-1/6 py-2&quot;[39m
              [36m&gt;[39m
                [0mSize[0m
              [36m&lt;/th&gt;[39m
              [36m&lt;th[39m
                [33mclass[39m=[32m&quot;w-1/6 pr-4 py-2&quot;[39m
              [36m&gt;[39m
                [0mType[0m
              [36m&lt;/th&gt;[39m
            [36m&lt;/tr&gt;[39m
          [36m&lt;/thead&gt;[39m
          [36m&lt;tbody /&gt;[39m
        [36m&lt;/table&gt;[39m
      [36m&lt;/div&gt;[39m
      [36m&lt;div&gt;[39m
        [0mLoading shares...[0m
      [36m&lt;/div&gt;[39m
      [36m&lt;div[39m
        [33mclass[39m=[32m&quot;mt-8&quot;[39m
      [36m&gt;[39m
        [36m&lt;div[39m
          [33mclass[39m=[32m&quot;sc-dkzDqf mb-8&quot;[39m
        [36m&gt;[39m
          [36m&lt;h2[39m
            [33mclass[39m=[32m&quot;sc-hKMtZM text-xl mb-2 mx-4&quot;[39m
          [36m&gt;[39m
            [0mAlbum cover[0m
          [36m&lt;/h2&gt;[39m
          [36m&lt;div&gt;[39m
            [36m&lt;table[39m
              [33mclass[39m=[32m&quot;border-collapse w-full&quot;[39m
            [36m&gt;[39m
              [36m&lt;tfoot&gt;[39m
                [36m&lt;tr[39m
                  [33mclass[39m=[32m&quot;text-left border-gray-100 dark:border-dark-border2 border-b border-t&quot;[39m
                [36m&gt;[39m
                  [36m&lt;td[39m
                    [33mclass[39m=[32m&quot;pl-4 py-2&quot;[39m
                    [33mcolspan[39m=[32m&quot;2&quot;[39m
                  [36m&gt;[39m
                    [36m&lt;button[39m
                      [33mclass[39m=[32m&quot;disabled:opacity-50 text-green-500 font-bold uppercase text-xs&quot;[39m
                    [36m&gt;[39m
                      [36m&lt;span&gt;[39m
                        [0mSet as album cover photo[0m
                      [36m&lt;/span&gt;[39m
                    [36m&lt;/button&gt;[39m
                  [36m&lt;/td&gt;[39m
                [36m&lt;/tr&gt;[39m
              [36m&lt;/tfoot&gt;[39m
            [36m&lt;/table&gt;[39m
          [36m&lt;/div&gt;[39m
        [36m&lt;/div&gt;[39m
      [36m&lt;/div&gt;[39m
    [36m&lt;/div&gt;[39m
  [36m&lt;/div&gt;[39m
[36m&lt;/body&gt;[39m

            </system-out>
        </testcase>
    </testsuite>
</testsuites>
